TN:
SF:src/index.ts
FN:46,getScheme
FN:60,getLoader
FN:75,validateArgs
FN:158,load
FNF:4
FNH:4
FNDA:17,getScheme
FNDA:17,getLoader
FNDA:17,validateArgs
FNDA:17,load
DA:25,1
DA:27,1
DA:28,1
DA:29,1
DA:31,1
DA:38,1
DA:44,1
DA:47,17
DA:48,17
DA:51,17
DA:61,17
DA:62,17
DA:64,17
DA:65,6
DA:66,6
DA:68,0
DA:72,17
DA:76,17
DA:77,0
DA:78,17
DA:79,0
DA:81,17
DA:82,0
DA:83,17
DA:87,0
DA:158,1
DA:164,17
DA:167,17
DA:168,17
DA:170,17
DA:172,11
DA:173,9
DA:177,2
DA:182,2
DA:183,2
DA:185,2
LF:36
LH:31
BRDA:44,0,0,0
BRDA:44,0,1,1
BRDA:47,1,0,17
BRDA:47,1,1,0
BRDA:48,2,0,6
BRDA:48,2,1,11
BRDA:64,3,0,6
BRDA:64,3,1,11
BRDA:65,4,0,6
BRDA:65,4,1,0
BRDA:75,5,0,0
BRDA:76,6,0,0
BRDA:76,6,1,17
BRDA:78,7,0,0
BRDA:78,7,1,17
BRDA:81,8,0,0
BRDA:81,8,1,17
BRDA:83,9,0,0
BRDA:83,9,1,17
BRDA:84,10,0,17
BRDA:84,10,1,2
BRDA:160,11,0,9
BRDA:172,12,0,9
BRDA:172,12,1,2
BRDA:177,13,0,0
BRDA:177,13,1,2
BRF:26
BRH:17
end_of_record
TN:
SF:src/loaders/file.ts
FN:38,load
FN:45,(anonymous_9)
FN:48,(anonymous_10)
FN:51,loadAsync
FNF:4
FNH:4
FNDA:8,load
FNDA:6,(anonymous_9)
FNDA:2,(anonymous_10)
FNDA:8,loadAsync
DA:26,1
DA:27,1
DA:29,1
DA:38,1
DA:44,8
DA:46,6
DA:48,2
DA:51,1
DA:53,8
DA:54,8
DA:55,1
DA:57,7
DA:61,7
DA:63,2
DA:66,7
DA:67,3
DA:69,3
DA:72,7
DA:75,6
LF:19
LH:19
BRDA:54,0,0,1
BRDA:54,0,1,7
BRDA:54,1,0,8
BRDA:54,1,1,2
BRDA:61,2,0,2
BRDA:61,2,1,5
BRDA:66,3,0,3
BRDA:66,3,1,4
BRDA:75,4,0,1
BRDA:75,4,1,5
BRDA:75,5,0,6
BRDA:75,5,1,6
BRF:12
BRH:12
end_of_record
TN:
SF:src/loaders/http.ts
FN:35,validateOptions
FN:65,load
FN:71,(anonymous_10)
FN:75,(anonymous_11)
FN:83,processRequest
FN:87,loadAsync
FNF:6
FNH:6
FNDA:9,validateOptions
FNDA:9,load
FNDA:5,(anonymous_10)
FNDA:4,(anonymous_11)
FNDA:9,processRequest
FNDA:9,loadAsync
DA:28,1
DA:29,1
DA:31,1
DA:33,1
DA:36,9
DA:37,1
DA:38,0
DA:40,1
DA:41,0
DA:50,8
DA:54,0
DA:65,1
DA:70,9
DA:72,5
DA:76,4
DA:84,9
DA:87,1
DA:88,9
DA:90,9
DA:92,9
DA:93,0
DA:97,9
DA:100,9
DA:102,9
DA:103,9
DA:104,3
DA:105,3
DA:107,1
DA:111,6
DA:113,4
DA:117,4
DA:118,0
DA:119,0
DA:121,0
DA:123,0
DA:126,4
LF:36
LH:28
BRDA:36,0,0,1
BRDA:36,0,1,8
BRDA:37,1,0,0
BRDA:37,1,1,1
BRDA:40,2,0,0
BRDA:40,2,1,1
BRDA:50,3,0,0
BRDA:50,3,1,8
BRDA:51,4,0,8
BRDA:51,4,1,3
BRDA:88,5,0,1
BRDA:88,5,1,8
BRDA:92,6,0,0
BRDA:92,6,1,9
BRDA:97,7,0,1
BRDA:97,7,1,8
BRDA:103,8,0,3
BRDA:103,8,1,6
BRDA:117,9,0,0
BRDA:117,9,1,4
BRF:20
BRH:15
end_of_record
