TN:
SF:src/index.ts
FN:25,(anonymous_0)
FN:29,(anonymous_1)
FN:32,(anonymous_2)
FN:36,(anonymous_3)
FN:38,(anonymous_4)
FN:41,(anonymous_5)
FN:44,(anonymous_6)
FN:51,(anonymous_7)
FN:52,adopt
FN:52,(anonymous_9)
FN:53,(anonymous_10)
FN:54,fulfilled
FN:55,rejected
FN:56,step
FN:60,(anonymous_14)
FN:76,getScheme
FN:87,getLoader
FN:100,validateArgs
FN:116,load
FN:117,(anonymous_19)
FNF:20
FNH:15
FNDA:0,(anonymous_0)
FNDA:0,(anonymous_1)
FNDA:0,(anonymous_2)
FNDA:0,(anonymous_3)
FNDA:0,(anonymous_4)
FNDA:1,(anonymous_5)
FNDA:2,(anonymous_6)
FNDA:24,(anonymous_7)
FNDA:19,adopt
FNDA:19,(anonymous_9)
FNDA:24,(anonymous_10)
FNDA:10,fulfilled
FNDA:9,rejected
FNDA:29,step
FNDA:1,(anonymous_14)
FNDA:20,getScheme
FNDA:20,getLoader
FNDA:24,validateArgs
FNDA:24,load
FNDA:24,(anonymous_19)
DA:25,1
DA:26,0
DA:27,0
DA:28,0
DA:29,0
DA:31,0
DA:33,0
DA:34,0
DA:36,1
DA:37,0
DA:39,0
DA:41,1
DA:42,1
DA:44,1
DA:45,2
DA:46,0
DA:47,0
DA:48,0
DA:49,0
DA:51,1
DA:52,19
DA:53,24
DA:54,10
DA:55,9
DA:56,29
DA:57,24
DA:60,1
DA:61,1
DA:63,1
DA:64,1
DA:65,1
DA:66,1
DA:67,1
DA:68,1
DA:69,1
DA:70,1
DA:75,1
DA:77,20
DA:78,20
DA:80,20
DA:88,20
DA:89,20
DA:90,20
DA:91,4
DA:92,3
DA:95,1
DA:98,19
DA:101,24
DA:102,1
DA:104,23
DA:105,1
DA:107,22
DA:108,1
DA:110,21
DA:112,1
DA:117,24
DA:119,24
DA:121,20
DA:122,19
DA:123,19
DA:124,10
DA:125,7
DA:129,3
DA:133,3
DA:134,3
DA:135,3
DA:138,1
LF:67
LH:54
BRDA:25,0,0,1
BRDA:25,0,1,1
BRDA:25,0,2,1
BRDA:25,1,0,1
BRDA:25,1,1,0
BRDA:26,2,0,0
BRDA:26,2,1,0
BRDA:28,3,0,0
BRDA:28,3,1,0
BRDA:28,4,0,0
BRDA:28,4,1,0
BRDA:28,5,0,0
BRDA:28,5,1,0
BRDA:28,6,0,0
BRDA:28,6,1,0
BRDA:33,7,0,0
BRDA:33,7,1,0
BRDA:36,8,0,1
BRDA:36,8,1,1
BRDA:36,8,2,1
BRDA:36,9,0,1
BRDA:36,9,1,0
BRDA:41,10,0,1
BRDA:41,10,1,1
BRDA:41,10,2,1
BRDA:42,11,0,0
BRDA:42,11,1,0
BRDA:42,12,0,0
BRDA:42,12,1,0
BRDA:44,13,0,1
BRDA:44,13,1,1
BRDA:44,13,2,1
BRDA:45,14,0,2
BRDA:45,14,1,0
BRDA:45,15,0,2
BRDA:45,15,1,2
BRDA:47,16,0,0
BRDA:47,16,1,0
BRDA:47,17,0,0
BRDA:47,17,1,0
BRDA:47,18,0,0
BRDA:47,18,1,0
BRDA:51,19,0,1
BRDA:51,19,1,1
BRDA:51,19,2,1
BRDA:52,20,0,0
BRDA:52,20,1,19
BRDA:53,21,0,24
BRDA:53,21,1,24
BRDA:56,22,0,10
BRDA:56,22,1,19
BRDA:57,23,0,24
BRDA:57,23,1,24
BRDA:60,24,0,1
BRDA:60,24,1,1
BRDA:60,24,2,1
BRDA:61,25,0,0
BRDA:61,25,1,1
BRDA:61,26,0,1
BRDA:61,26,1,1
BRDA:75,27,0,1
BRDA:75,27,1,0
BRDA:77,28,0,20
BRDA:77,28,1,0
BRDA:78,29,0,3
BRDA:78,29,1,17
BRDA:90,30,0,4
BRDA:90,30,1,16
BRDA:91,31,0,3
BRDA:91,31,1,1
BRDA:100,32,0,0
BRDA:101,33,0,1
BRDA:101,33,1,23
BRDA:104,34,0,1
BRDA:104,34,1,22
BRDA:107,35,0,1
BRDA:107,35,1,21
BRDA:110,36,0,1
BRDA:110,36,1,20
BRDA:110,37,0,21
BRDA:110,37,1,4
BRDA:116,38,0,12
BRDA:124,39,0,7
BRDA:124,39,1,3
BRDA:129,40,0,0
BRDA:129,40,1,3
BRF:86
BRH:55
end_of_record
TN:
SF:src/typedefs.ts
FNF:0
FNH:0
DA:2,1
LF:1
LH:1
BRF:0
BRH:0
end_of_record
TN:
SF:src/loaders/file-browser.ts
FN:34,getBase
FN:42,load
FNF:2
FNH:1
FNDA:0,getBase
FNDA:1,load
DA:26,1
DA:27,1
DA:28,1
DA:35,0
DA:37,1
DA:43,1
DA:44,1
DA:45,1
DA:48,0
DA:51,1
LF:10
LH:8
BRDA:44,0,0,1
BRDA:44,0,1,0
BRF:2
BRH:1
end_of_record
TN:
SF:src/loaders/http.ts
FN:3,(anonymous_0)
FN:4,adopt
FN:4,(anonymous_2)
FN:5,(anonymous_3)
FN:6,fulfilled
FN:7,rejected
FN:8,step
FN:12,(anonymous_7)
FN:45,validateOptions
FN:71,load
FN:72,(anonymous_10)
FN:76,(anonymous_11)
FN:81,processRequest
FN:84,loadAsync
FN:85,(anonymous_14)
FNF:15
FNH:15
FNDA:18,(anonymous_0)
FNDA:15,adopt
FNDA:15,(anonymous_2)
FNDA:18,(anonymous_3)
FNDA:10,fulfilled
FNDA:5,rejected
FNDA:25,step
FNDA:2,(anonymous_7)
FNDA:18,validateOptions
FNDA:18,load
FNDA:10,(anonymous_10)
FNDA:8,(anonymous_11)
FNDA:15,processRequest
FNDA:18,loadAsync
FNDA:18,(anonymous_14)
DA:3,1
DA:4,15
DA:5,18
DA:6,10
DA:7,5
DA:8,25
DA:9,18
DA:12,1
DA:13,2
DA:15,1
DA:16,1
DA:41,1
DA:42,1
DA:43,1
DA:44,1
DA:46,18
DA:47,3
DA:48,1
DA:50,2
DA:51,1
DA:59,15
DA:61,1
DA:72,18
DA:73,10
DA:77,8
DA:80,1
DA:82,15
DA:85,18
DA:86,18
DA:87,18
DA:88,18
DA:89,3
DA:91,15
DA:92,15
DA:93,15
DA:94,15
DA:95,3
DA:96,3
DA:97,1
DA:99,12
DA:100,9
DA:104,5
DA:105,0
DA:106,0
DA:107,0
DA:108,0
DA:110,5
DA:114,1
LF:48
LH:44
BRDA:3,0,0,1
BRDA:3,0,1,1
BRDA:3,0,2,1
BRDA:4,1,0,0
BRDA:4,1,1,15
BRDA:5,2,0,18
BRDA:5,2,1,18
BRDA:8,3,0,10
BRDA:8,3,1,15
BRDA:9,4,0,18
BRDA:9,4,1,18
BRDA:12,5,0,1
BRDA:12,5,1,1
BRDA:12,5,2,1
BRDA:13,6,0,0
BRDA:13,6,1,2
BRDA:13,7,0,2
BRDA:13,7,1,2
BRDA:46,8,0,3
BRDA:46,8,1,15
BRDA:47,9,0,1
BRDA:47,9,1,2
BRDA:50,10,0,1
BRDA:50,10,1,1
BRDA:59,11,0,1
BRDA:59,11,1,14
BRDA:59,12,0,15
BRDA:59,12,1,4
BRDA:86,13,0,2
BRDA:86,13,1,16
BRDA:88,14,0,3
BRDA:88,14,1,15
BRDA:91,15,0,1
BRDA:91,15,1,14
BRDA:94,16,0,3
BRDA:94,16,1,12
BRDA:104,17,0,0
BRDA:104,17,1,5
BRF:38
BRH:35
end_of_record
