SF:./.coverage/src/index.ts
DA:25,2
DA:26,0
DA:27,1
DA:28,1
DA:29,1
DA:31,1
DA:33,0
DA:34,0
DA:36,1
DA:37,0
DA:39,0
DA:41,1
DA:42,1
DA:44,2
DA:45,2
DA:46,0
DA:47,17
DA:48,17
DA:49,0
DA:51,18
DA:52,19
DA:53,24
DA:54,10
DA:55,9
DA:56,29
DA:57,24
DA:60,1
DA:61,18
DA:63,1
DA:64,18
DA:65,7
DA:66,7
DA:67,1
DA:68,1
DA:69,1
DA:70,1
DA:75,1
DA:77,20
DA:78,37
DA:80,20
DA:88,20
DA:89,20
DA:90,20
DA:91,4
DA:92,3
DA:95,1
DA:98,19
DA:101,24
DA:102,1
DA:104,23
DA:105,1
DA:107,22
DA:108,1
DA:110,21
DA:112,1
DA:117,24
DA:119,24
DA:121,20
DA:122,19
DA:123,19
DA:124,10
DA:125,7
DA:129,3
DA:133,3
DA:134,3
DA:135,3
DA:138,1
DA:38,1
DA:62,17
DA:72,17
DA:76,17
DA:79,0
DA:81,17
DA:82,0
DA:83,17
DA:87,0
DA:158,1
DA:164,17
DA:167,17
DA:168,17
DA:170,17
DA:172,11
DA:173,9
DA:177,2
DA:182,2
DA:183,2
DA:185,2
BRDA:25,0,0,1
BRDA:25,0,1,1
BRDA:25,0,2,1
BRDA:25,1,0,1
BRDA:25,1,1,0
BRDA:26,2,0,0
BRDA:26,2,1,0
BRDA:28,3,0,0
BRDA:28,3,1,0
BRDA:28,4,0,0
BRDA:28,4,1,0
BRDA:28,5,0,0
BRDA:28,5,1,0
BRDA:28,6,0,0
BRDA:28,6,1,0
BRDA:33,7,0,0
BRDA:33,7,1,0
BRDA:36,8,0,1
BRDA:36,8,1,1
BRDA:36,8,2,1
BRDA:36,9,0,1
BRDA:36,9,1,0
BRDA:41,10,0,1
BRDA:41,10,1,1
BRDA:41,10,2,1
BRDA:42,11,0,0
BRDA:42,11,1,0
BRDA:42,12,0,0
BRDA:42,12,1,0
BRDA:44,13,0,1
BRDA:44,13,1,1
BRDA:44,13,2,1
BRDA:45,14,0,2
BRDA:45,14,1,0
BRDA:45,15,0,2
BRDA:45,15,1,2
BRDA:47,16,0,0
BRDA:47,16,1,0
BRDA:47,17,0,0
BRDA:47,17,1,0
BRDA:47,18,0,0
BRDA:47,18,1,0
BRDA:51,19,0,1
BRDA:51,19,1,1
BRDA:51,19,2,1
BRDA:52,20,0,0
BRDA:52,20,1,19
BRDA:53,21,0,24
BRDA:53,21,1,24
BRDA:56,22,0,10
BRDA:56,22,1,19
BRDA:57,23,0,24
BRDA:57,23,1,24
BRDA:60,24,0,1
BRDA:60,24,1,1
BRDA:60,24,2,1
BRDA:61,25,0,0
BRDA:61,25,1,1
BRDA:61,26,0,1
BRDA:61,26,1,1
BRDA:75,27,0,1
BRDA:75,27,1,0
BRDA:77,28,0,20
BRDA:77,28,1,0
BRDA:78,29,0,3
BRDA:78,29,1,17
BRDA:90,30,0,4
BRDA:90,30,1,16
BRDA:91,31,0,3
BRDA:91,31,1,1
BRDA:100,32,0,0
BRDA:101,33,0,1
BRDA:101,33,1,23
BRDA:104,34,0,1
BRDA:104,34,1,22
BRDA:107,35,0,1
BRDA:107,35,1,21
BRDA:110,36,0,1
BRDA:110,36,1,20
BRDA:110,37,0,21
BRDA:110,37,1,4
BRDA:116,38,0,12
BRDA:124,39,0,7
BRDA:124,39,1,3
BRDA:129,40,0,0
BRDA:129,40,1,3
BRDA:44,0,0,0
BRDA:44,0,1,1
BRDA:47,1,0,17
BRDA:47,1,1,0
BRDA:48,2,0,6
BRDA:48,2,1,11
BRDA:64,3,0,6
BRDA:64,3,1,11
BRDA:65,4,0,6
BRDA:65,4,1,0
BRDA:75,5,0,0
BRDA:76,6,0,0
BRDA:76,6,1,17
BRDA:78,7,0,0
BRDA:78,7,1,17
BRDA:81,8,0,0
BRDA:81,8,1,17
BRDA:83,9,0,0
BRDA:83,9,1,17
BRDA:84,10,0,17
BRDA:84,10,1,2
BRDA:160,11,0,9
BRDA:172,12,0,9
BRDA:172,12,1,2
BRDA:177,13,0,0
BRDA:177,13,1,2
end_of_record
SF:./.coverage/src/typedefs.ts
DA:2,1
end_of_record
SF:./.coverage/src/loaders/file-browser.ts
DA:26,1
DA:27,1
DA:28,1
DA:35,0
DA:37,1
DA:43,1
DA:44,1
DA:45,1
DA:48,0
DA:51,1
BRDA:44,0,0,1
BRDA:44,0,1,0
end_of_record
SF:./.coverage/src/loaders/http.ts
DA:3,1
DA:4,15
DA:5,18
DA:6,10
DA:7,5
DA:8,25
DA:9,18
DA:12,1
DA:13,2
DA:15,1
DA:16,1
DA:41,1
DA:42,1
DA:43,1
DA:44,1
DA:46,18
DA:47,3
DA:48,1
DA:50,10
DA:51,1
DA:59,15
DA:61,1
DA:72,23
DA:73,10
DA:77,8
DA:80,1
DA:82,15
DA:85,18
DA:86,18
DA:87,19
DA:88,27
DA:89,3
DA:91,15
DA:92,24
DA:93,15
DA:94,15
DA:95,3
DA:96,3
DA:97,10
DA:99,12
DA:100,18
DA:104,8
DA:105,3
DA:106,0
DA:107,1
DA:108,0
DA:110,5
DA:114,1
DA:28,1
DA:29,1
DA:31,1
DA:33,1
DA:36,9
DA:37,1
DA:38,0
DA:40,1
DA:54,0
DA:65,1
DA:70,9
DA:76,4
DA:84,9
DA:90,9
DA:102,9
DA:103,9
DA:111,6
DA:113,4
DA:117,4
DA:118,0
DA:119,0
DA:121,0
DA:123,0
DA:126,4
BRDA:3,0,0,1
BRDA:3,0,1,1
BRDA:3,0,2,1
BRDA:4,1,0,0
BRDA:4,1,1,15
BRDA:5,2,0,18
BRDA:5,2,1,18
BRDA:8,3,0,10
BRDA:8,3,1,15
BRDA:9,4,0,18
BRDA:9,4,1,18
BRDA:12,5,0,1
BRDA:12,5,1,1
BRDA:12,5,2,1
BRDA:13,6,0,0
BRDA:13,6,1,2
BRDA:13,7,0,2
BRDA:13,7,1,2
BRDA:46,8,0,3
BRDA:46,8,1,15
BRDA:47,9,0,1
BRDA:47,9,1,2
BRDA:50,10,0,1
BRDA:50,10,1,1
BRDA:59,11,0,1
BRDA:59,11,1,14
BRDA:59,12,0,15
BRDA:59,12,1,4
BRDA:86,13,0,2
BRDA:86,13,1,16
BRDA:88,14,0,3
BRDA:88,14,1,15
BRDA:91,15,0,1
BRDA:91,15,1,14
BRDA:94,16,0,3
BRDA:94,16,1,12
BRDA:104,17,0,0
BRDA:104,17,1,5
BRDA:36,0,0,1
BRDA:36,0,1,8
BRDA:37,1,0,0
BRDA:37,1,1,1
BRDA:40,2,0,0
BRDA:40,2,1,1
BRDA:50,3,0,0
BRDA:50,3,1,8
BRDA:51,4,0,8
BRDA:51,4,1,3
BRDA:88,5,0,1
BRDA:88,5,1,8
BRDA:92,6,0,0
BRDA:92,6,1,9
BRDA:97,7,0,1
BRDA:97,7,1,8
BRDA:103,8,0,3
BRDA:103,8,1,6
BRDA:117,9,0,0
BRDA:117,9,1,4
end_of_record
SF:./.coverage/src/loaders/file.ts
DA:26,1
DA:27,1
DA:29,1
DA:38,1
DA:44,8
DA:46,6
DA:48,2
DA:51,1
DA:53,8
DA:54,8
DA:55,1
DA:57,7
DA:61,7
DA:63,2
DA:66,7
DA:67,3
DA:69,3
DA:72,7
DA:75,6
BRDA:54,0,0,1
BRDA:54,0,1,7
BRDA:54,1,0,8
BRDA:54,1,1,2
BRDA:61,2,0,2
BRDA:61,2,1,5
BRDA:66,3,0,3
BRDA:66,3,1,4
BRDA:75,4,0,1
BRDA:75,4,1,5
BRDA:75,5,0,6
BRDA:75,5,1,6
end_of_record
